2025-09-25 13:18:57.716223 - User: None - Path /admin/
2025-09-25 13:24:12.791902 - User: None - Path /admin/
2025-09-25 13:24:37.992657 - User: None - Path /api/chats/
2025-09-25 13:24:39.640195 - User: None - Path /api/chats/
2025-09-25 13:25:31.453606 - User: None - Path /api/
2025-09-25 13:25:45.213118 - User: None - Path /api/api/conversations/
2025-09-25 13:36:58.031724 - User: None - Path /api/api/conversations/
2025-09-25 13:37:09.097737 - User: None - Path /
2025-09-25 13:37:22.046908 - User: None - Path /api/
2025-09-25 13:37:35.439143 - User: None - Path /api-auth/logout/
2025-09-25 13:37:35.444890 - User: Anonymous - Path /api/
2025-09-25 13:37:44.048371 - User: Anonymous - Path /api-auth/login/
2025-09-25 13:37:56.553056 - User: Anonymous - Path /api-auth/login/
2025-09-25 13:37:56.811322 - User: None - Path /api/
2025-09-25 13:38:15.743272 - User: None - Path /api/api/messages/
2025-09-25 13:38:32.361350 - User: None - Path /api/api/messages/search/
2025-09-25 13:49:01.740058 - User: None - Path /api/api/messages/search/
2025-09-25 13:49:25.398687 - User: None - Path /api/api/messages/search/
2025-09-25 13:49:36.083826 - User: None - Path /api/api/messages/search/
2025-09-25 13:49:43.365529 - User: None - Path /api/api/messages/search/
2025-09-25 13:49:52.236245 - User: None - Path /api/api/messages/search/
2025-09-25 13:49:58.686668 - User: None - Path /api/api/messages/search/
2025-09-25 13:50:04.677374 - User: None - Path /api/api/messages/unread/
2025-09-25 13:53:24.834267 - User: None - Path /api/api/
2025-09-25 13:53:28.357441 - User: None - Path /api/api/conversations/
2025-09-25 14:42:25.277293 - User: None - Path /
2025-09-25 14:42:42.374711 - User: None - Path /api/messages
2025-09-25 14:42:47.847418 - User: None - Path /api/messages/
2025-09-25 14:46:40.085014 - User: Anonymous - Path /api/messages/
2025-09-25 14:46:40.094148 - User: Anonymous - Path /api/messages/
2025-09-25 14:46:40.116670 - User: Anonymous - Path /api/messages/
2025-09-25 14:46:40.210317 - User: Anonymous - Path /api/messages/
2025-09-25 14:46:40.231488 - User: Anonymous - Path /api/messages/
2025-09-25 14:46:40.249530 - User: Anonymous - Path /api/messages/
2025-09-25 14:51:57.706004 - User: Anonymous - Path /api/messages/
2025-09-25 14:52:14.538590 - User: None - Path /api/messages/
2025-09-25 14:52:16.113009 - User: None - Path /api/messages/
2025-09-25 14:52:46.838298 - User: Anonymous - Path /api/messages/
2025-09-25 14:54:08.564966 - User: Anonymous - Path /api/messages/
2025-09-25 14:55:42.470655 - User: Anonymous - Path /api/messages/
2025-09-25 14:55:48.773061 - User: Anonymous - Path /api/messages/
2025-09-25 14:55:53.851792 - User: Anonymous - Path /api/messages/
2025-09-25 14:55:57.092472 - User: Anonymous - Path /api/messages/
2025-09-25 14:56:03.675179 - User: Anonymous - Path /api/messages/
2025-09-25 14:56:06.717085 - User: Anonymous - Path /api/messages/
2025-09-25 14:56:23.626702 - User: None - Path /api/messages/
2025-09-25 14:56:26.264741 - User: None - Path /api/messages/
2025-09-25 14:56:27.679537 - User: None - Path /api/messages/
2025-09-25 15:05:16.340966 - User: None - Path /api/api/
2025-09-25 15:05:22.243356 - User: None - Path /api/api/messages/
