2025-09-25 13:18:57.716223 - User: None - Path /admin/
2025-09-25 13:24:12.791902 - User: None - Path /admin/
2025-09-25 13:24:37.992657 - User: None - Path /api/chats/
2025-09-25 13:24:39.640195 - User: None - Path /api/chats/
2025-09-25 13:25:31.453606 - User: None - Path /api/
2025-09-25 13:25:45.213118 - User: None - Path /api/api/conversations/
2025-09-25 13:36:58.031724 - User: None - Path /api/api/conversations/
2025-09-25 13:37:09.097737 - User: None - Path /
2025-09-25 13:37:22.046908 - User: None - Path /api/
2025-09-25 13:37:35.439143 - User: None - Path /api-auth/logout/
2025-09-25 13:37:35.444890 - User: Anonymous - Path /api/
2025-09-25 13:37:44.048371 - User: Anonymous - Path /api-auth/login/
2025-09-25 13:37:56.553056 - User: Anonymous - Path /api-auth/login/
2025-09-25 13:37:56.811322 - User: None - Path /api/
2025-09-25 13:38:15.743272 - User: None - Path /api/api/messages/
2025-09-25 13:38:32.361350 - User: None - Path /api/api/messages/search/
2025-09-25 13:49:01.740058 - User: None - Path /api/api/messages/search/
2025-09-25 13:49:25.398687 - User: None - Path /api/api/messages/search/
2025-09-25 13:49:36.083826 - User: None - Path /api/api/messages/search/
2025-09-25 13:49:43.365529 - User: None - Path /api/api/messages/search/
2025-09-25 13:49:52.236245 - User: None - Path /api/api/messages/search/
2025-09-25 13:49:58.686668 - User: None - Path /api/api/messages/search/
2025-09-25 13:50:04.677374 - User: None - Path /api/api/messages/unread/
